This is pdfTeX, Version 3.141592653-2.6-1.40.24 (MiKTeX 22.3) (preloaded format=pdflatex 2022.6.1)  25 AUG 2022 15:25
entering extended mode
 restricted \write18 enabled.
 %&-line parsing enabled.
**./agujournaltemplate.tex
(agujournaltemplate.tex
LaTeX2e <2021-11-15> patch level 1
L3 programming layer <2022-05-04> (agujournal2019.cls
Document Class: agujournal2019 01/14/2019
(C:\Users\juane\AppData\Local\Programs\MiKTeX\tex/latex/graphics\graphicx.sty
Package: graphicx 2021/09/16 v1.2d Enhanced LaTeX Graphics (DPC,SPQR)

(C:\Users\juane\AppData\Local\Programs\MiKTeX\tex/latex/graphics\keyval.sty
Package: keyval 2014/10/28 v1.15 key=value parser (DPC)
\KV@toks@=\toks16
)
(C:\Users\juane\AppData\Local\Programs\MiKTeX\tex/latex/graphics\graphics.sty
Package: graphics 2021/03/04 v1.4d Standard LaTeX Graphics (DPC,SPQR)

(C:\Users\juane\AppData\Local\Programs\MiKTeX\tex/latex/graphics\trig.sty
Package: trig 2021/08/11 v1.11 sin cos tan (DPC)
)
(C:\Users\juane\AppData\Local\Programs\MiKTeX\tex/latex/graphics-cfg\graphics.c
fg
File: graphics.cfg 2016/06/04 v1.11 sample graphics configuration
)
Package graphics Info: Driver file: pdftex.def on input line 107.

(C:\Users\juane\AppData\Local\Programs\MiKTeX\tex/latex/graphics-def\pdftex.def
File: pdftex.def 2020/10/05 v1.2a Graphics/color driver for pdftex
))
\Gin@req@height=\dimen138
\Gin@req@width=\dimen139
) (C:\Users\juane\AppData\Local\Programs\MiKTeX\tex/latex/xcolor\xcolor.sty
Package: xcolor 2021/10/31 v2.13 LaTeX color extensions (UK)

(C:\Users\juane\AppData\Local\Programs\MiKTeX\tex/latex/graphics-cfg\color.cfg
File: color.cfg 2016/01/02 v1.6 sample color configuration
)
Package xcolor Info: Driver file: pdftex.def on input line 227.
Package xcolor Info: Model `cmy' substituted by `cmy0' on input line 1352.
Package xcolor Info: Model `hsb' substituted by `rgb' on input line 1356.
Package xcolor Info: Model `RGB' extended on input line 1368.
Package xcolor Info: Model `HTML' substituted by `rgb' on input line 1370.
Package xcolor Info: Model `Hsb' substituted by `hsb' on input line 1371.
Package xcolor Info: Model `tHsb' substituted by `hsb' on input line 1372.
Package xcolor Info: Model `HSB' substituted by `hsb' on input line 1373.
Package xcolor Info: Model `Gray' substituted by `gray' on input line 1374.
Package xcolor Info: Model `wave' substituted by `hsb' on input line 1375.
) (C:\Users\juane\AppData\Local\Programs\MiKTeX\tex/latex/url\url.sty
\Urlmuskip=\muskip16
Package: url 2013/09/16  ver 3.4  Verb mode for urls, etc.
)
(C:\Users\juane\AppData\Local\Programs\MiKTeX\tex/latex/lineno\lineno.sty
Package: lineno 2005/11/02 line numbers on paragraphs v4.41
\linenopenalty=\count185
\output=\toks17
\linenoprevgraf=\count186
\linenumbersep=\dimen140
\linenumberwidth=\dimen141
\c@linenumber=\count187
\c@pagewiselinenumber=\count188
\c@LN@truepage=\count189
\c@internallinenumber=\count190
\c@internallinenumbers=\count191
\quotelinenumbersep=\dimen142
\bframerule=\dimen143
\bframesep=\dimen144
\bframebox=\box50
LaTeX Info: Redefining \\ on input line 3056.
)
(C:\Users\juane\AppData\Local\Programs\MiKTeX\tex/latex/tools\indentfirst.sty
Package: indentfirst 1995/11/23 v1.03 Indent first paragraph (DPC)
)
(C:\Users\juane\AppData\Local\Programs\MiKTeX\tex/latex/ragged2e\ragged2e.sty
Package: ragged2e 2021/12/15 v3.1 ragged2e Package
\CenteringLeftskip=\skip47
\RaggedLeftLeftskip=\skip48
\RaggedRightLeftskip=\skip49
\CenteringRightskip=\skip50
\RaggedLeftRightskip=\skip51
\RaggedRightRightskip=\skip52
\CenteringParfillskip=\skip53
\RaggedLeftParfillskip=\skip54
\RaggedRightParfillskip=\skip55
\JustifyingParfillskip=\skip56
\CenteringParindent=\skip57
\RaggedLeftParindent=\skip58
\RaggedRightParindent=\skip59
\JustifyingParindent=\skip60
)
(C:\Users\juane\AppData\Local\Programs\MiKTeX\tex/latex/graphics\rotating.sty
Package: rotating 2016/08/11 v2.16d rotated objects in LaTeX

(C:\Users\juane\AppData\Local\Programs\MiKTeX\tex/latex/base\ifthen.sty
Package: ifthen 2020/11/24 v1.1c Standard LaTeX ifthen package (DPC)
)
\c@r@tfl@t=\count192
\rotFPtop=\skip61
\rotFPbot=\skip62
\rot@float@box=\box51
\rot@mess@toks=\toks18
)
\draftskip=\count193
\c@section=\count194
\c@subsection=\count195
\c@subsubsection=\count196
\c@paragraph=\count197
\c@subparagraph=\count198
\c@figure=\count199
\c@table=\count266
\abovecaptionskip=\skip63
\belowcaptionskip=\skip64
\c@appendnum=\count267
\bibindent=\dimen145

(C:\Users\juane\AppData\Local\Programs\MiKTeX\tex/latex/apacite\apacite.sty
Package: apacite 2013/07/21 v6.03 APA citation
\c@BibCnt=\count268
\bibleftmargin=\skip65
\bibindent=\skip66
\bibparsep=\skip67
\bibitemsep=\skip68
\biblabelsep=\skip69
))
(trackchanges.sty
Package: trackchanges 2009/04/22 v0.7.0 TrackChanges file 

(C:\Users\juane\AppData\Local\Programs\MiKTeX\tex/latex/tools\calc.sty
Package: calc 2017/05/25 v4.3 Infix arithmetic (KKT,FJ)
\calc@Acount=\count269
\calc@Bcount=\count270
\calc@Adimen=\dimen146
\calc@Bdimen=\dimen147
\calc@Askip=\skip70
\calc@Bskip=\skip71
LaTeX Info: Redefining \setlength on input line 80.
LaTeX Info: Redefining \addtolength on input line 81.
\calc@Ccount=\count271
\calc@Cskip=\skip72
)
(C:\Users\juane\AppData\Local\Programs\MiKTeX\tex/generic/soul\soul.sty
Package: soul 2003/11/17 v2.4 letterspacing/underlining (mf)
\SOUL@word=\toks19
\SOUL@lasttoken=\toks20
\SOUL@cmds=\toks21
\SOUL@buffer=\toks22
\SOUL@token=\toks23
\SOUL@spaceskip=\skip73
\SOUL@ttwidth=\dimen148
\SOUL@uldp=\dimen149
\SOUL@ulht=\dimen150
)
(C:\Users\juane\AppData\Local\Programs\MiKTeX\tex/latex/morefloats\morefloats.s
ty
Package: morefloats 2015/07/22 v1.0h Raise limit of unprocessed floats (HMM)

(C:\Users\juane\AppData\Local\Programs\MiKTeX\tex/latex/kvoptions\kvoptions.sty
Package: kvoptions 2020-10-07 v3.14 Key value format for package options (HO)
(C:\Users\juane\AppData\Local\Programs\MiKTeX\tex/generic/ltxcmds\ltxcmds.sty
Package: ltxcmds 2020-05-10 v1.25 LaTeX kernel commands for general use (HO)
)
(C:\Users\juane\AppData\Local\Programs\MiKTeX\tex/generic/kvsetkeys\kvsetkeys.s
ty
Package: kvsetkeys 2019/12/15 v1.18 Key value parser (HO)
))
Package morefloats Info: Maximum number of possible floats asked for: 36
(morefloats)             (i.e. 18 more floats).
(morefloats)             LaTeX might run out of memory before this
(morefloats)             (in which case it will notify you).
)
\c@userid=\count272
\c@changenumber=\count273
\c@storefootnote=\count274
\c@numeditors=\count275
\c@maxeditors=\count276
)
(C:\Users\juane\AppData\Local\Programs\MiKTeX\tex/latex/l3backend\l3backend-pdf
tex.def
File: l3backend-pdftex.def 2022-04-20 L3 backend support: PDF output (pdfTeX)
\l__color_backend_stack_int=\count277
\l__pdf_internal_box=\box52
) (agujournaltemplate.aux)
\openout1 = `agujournaltemplate.aux'.

LaTeX Font Info:    Checking defaults for OML/cmm/m/it on input line 67.
LaTeX Font Info:    ... okay on input line 67.
LaTeX Font Info:    Checking defaults for OMS/cmsy/m/n on input line 67.
LaTeX Font Info:    ... okay on input line 67.
LaTeX Font Info:    Checking defaults for OT1/cmr/m/n on input line 67.
LaTeX Font Info:    ... okay on input line 67.
LaTeX Font Info:    Checking defaults for T1/cmr/m/n on input line 67.
LaTeX Font Info:    ... okay on input line 67.
LaTeX Font Info:    Checking defaults for TS1/cmr/m/n on input line 67.
LaTeX Font Info:    ... okay on input line 67.
LaTeX Font Info:    Checking defaults for OMX/cmex/m/n on input line 67.
LaTeX Font Info:    ... okay on input line 67.
LaTeX Font Info:    Checking defaults for U/cmr/m/n on input line 67.
LaTeX Font Info:    ... okay on input line 67.

(C:\Users\juane\AppData\Local\Programs\MiKTeX\tex/context/base/mkii\supp-pdf.mk
ii
[Loading MPS to PDF converter (version 2006.09.02).]
\scratchcounter=\count278
\scratchdimen=\dimen151
\scratchbox=\box53
\nofMPsegments=\count279
\nofMParguments=\count280
\everyMPshowfont=\toks24
\MPscratchCnt=\count281
\MPscratchDim=\dimen152
\MPnumerator=\count282
\makeMPintoPDFobject=\count283
\everyMPtoPDFconversion=\toks25
)
(C:\Users\juane\AppData\Local\Programs\MiKTeX\tex/latex/epstopdf-pkg\epstopdf-b
ase.sty
Package: epstopdf-base 2020-01-24 v2.11 Base part for package epstopdf

(C:\Users\juane\AppData\Local\Programs\MiKTeX\tex/generic/infwarerr\infwarerr.s
ty
Package: infwarerr 2019/12/03 v1.5 Providing info/warning/error messages (HO)
) (C:\Users\juane\AppData\Local\Programs\MiKTeX\tex/latex/grfext\grfext.sty
Package: grfext 2019/12/03 v1.3 Manage graphics extensions (HO)

(C:\Users\juane\AppData\Local\Programs\MiKTeX\tex/generic/kvdefinekeys\kvdefine
keys.sty
Package: kvdefinekeys 2019-12-19 v1.6 Define keys (HO)
))
(C:\Users\juane\AppData\Local\Programs\MiKTeX\tex/generic/pdftexcmds\pdftexcmds
.sty
Package: pdftexcmds 2020-06-27 v0.33 Utility functions of pdfTeX for LuaTeX (HO
)
 (C:\Users\juane\AppData\Local\Programs\MiKTeX\tex/generic/iftex\iftex.sty
Package: iftex 2022/02/03 v1.0f TeX engine tests
)
Package pdftexcmds Info: \pdf@primitive is available.
Package pdftexcmds Info: \pdf@ifprimitive is available.
Package pdftexcmds Info: \pdfdraftmode found.
)
Package epstopdf-base Info: Redefining graphics rule for `.eps' on input line 4
85.
Package grfext Info: Graphics extension search list:
(grfext)             [.pdf,.png,.jpg,.mps,.jpeg,.jbig2,.jb2,.PDF,.PNG,.JPG,.JPE
G,.JBIG2,.JB2,.eps]
(grfext)             \AppendGraphicsExtensions on input line 504.

(C:\Users\juane\AppData\Local\Programs\MiKTeX\tex/latex/00miktex\epstopdf-sys.c
fg
File: epstopdf-sys.cfg 2021/03/18 v2.0 Configuration of epstopdf for MiKTeX
))
\c@maskedRefs=\count284

(C:\Users\juane\AppData\Local\Programs\MiKTeX\tex/latex/apacite\english.apc
File: english.apc 2013/07/21 v6.03 apacite language file
LaTeX Info: Redefining \BPBI on input line 129.
LaTeX Info: Redefining \BHBI on input line 130.
)
LaTeX Font Info:    External font `cmex10' loaded for size
(Font)              <7> on input line 102.
LaTeX Font Info:    External font `cmex10' loaded for size
(Font)              <5> on input line 102.
LaTeX Font Info:    External font `cmex10' loaded for size
(Font)              <8> on input line 102.
LaTeX Font Info:    External font `cmex10' loaded for size
(Font)              <6> on input line 102.

[1{C:/Users/juane/AppData/Local/MiKTeX/fonts/map/pdftex/pdftex.map}]

LaTeX Font Warning: Font shape `OT1/cmr/m/n' in size <10.5> not available
(Font)              size <10.95> substituted on input line 178.


LaTeX Font Warning: Font shape `OT1/cmr/bx/n' in size <10.5> not available
(Font)              size <10.95> substituted on input line 178.


Overfull \hbox (10.71002pt too wide) in paragraph at lines 184--185
[]\OT1/cmr/m/n/10 Los cau-dales men-su-ales de los r^^S^^Pos no son con-stantes
 en el tiempo, sino que var^^S^^Pan 
 []


Overfull \hbox (16.26558pt too wide) in paragraph at lines 184--185
\OT1/cmr/m/n/10 en difer-entes es-calas tem-po-rales, de las cuales la m^^Sas i
m-por-tantes, en Colom-bia, es el pe- 
 []


Overfull \hbox (12.40459pt too wide) in paragraph at lines 184--185
\OT1/cmr/m/n/10 ri-odo de os-cilaci^^Son an-ual o semi-an-ual, el cual es in-du
cido en gran parte por la os-cilaci^^Son 
 []


Overfull \hbox (0.44626pt too wide) in paragraph at lines 184--185
\OT1/cmr/m/n/10 merid-ional de la zona de con-ver-gen-cia in-tertrop-i-cal (Pov
eda, Gil y Quiceno, 1998). Si 
 []


Overfull \hbox (0.51564pt too wide) in paragraph at lines 184--185
\OT1/cmr/m/n/10 de una se-rie de tiempo de cau-dal men-sual se ex-trae di-chos 
pe-ri-o-dos (ci-clo an-ual), por 
 []


Overfull \hbox (15.29341pt too wide) in paragraph at lines 184--185
\OT1/cmr/m/n/10 medio de la es-tandarizaci^^Son, en-tonces la se-rie re-sul-tan
te de-ter-mina las anomal^^S^^Pas de cau- 
 []


Overfull \hbox (3.62679pt too wide) in paragraph at lines 184--185
\OT1/cmr/m/n/10 dal es-tandarizado, cuya variaci^^Son de-pen-der^^Sa de difer-e
ntes mecan-is-mos f^^S^^Psicos que go-b- 
 []


Overfull \hbox (3.43222pt too wide) in paragraph at lines 184--185
\OT1/cmr/m/n/10 ier-nan el cau-dal en es-tas es-calas de tiempo. En-ten-der cu^
^Sales son es-tos mecan-is-mos, su 
 []


Overfull \hbox (5.82112pt too wide) in paragraph at lines 184--185
\OT1/cmr/m/n/10 in-ter-de-pen-den-cia y los meses de rezago con los cuales prec
e-den al cau-dal es fun-da-men- 
 []


Overfull \hbox (12.79333pt too wide) in paragraph at lines 184--185
\OT1/cmr/m/n/10 tal para ele-gir sus mejores pre-dic-tores; esto es es-pe-cial-
mente im-por-tante en los r^^S^^Pos afer- 
 []


Overfull \hbox (7.71008pt too wide) in paragraph at lines 184--185
\OT1/cmr/m/n/10 entes al Sis-tema In-ter-conec-tado Na-cional (SIN), ubi-ca-dos
 en la cordillera de los An-des, 
 []


Overfull \hbox (16.3489pt too wide) in paragraph at lines 184--185
\OT1/cmr/m/n/10 ya que con di-chos cau-dales se gen-era gran parte de la en-erg
^^S^^Pa hidroel^^Sectrica que abastece 
 []


Overfull \hbox (7.01552pt too wide) in paragraph at lines 186--187
[]\OT1/cmr/m/n/10 En los r^^S^^Pos del norte de la cordillera de los An-des, se
 han en-con-trado fuertes rela- 
 []


Overfull \hbox (15.40454pt too wide) in paragraph at lines 186--187
\OT1/cmr/m/n/10 ciones en-tre las anomal^^S^^Pas es-tandarizadas de cau-dal y d
ifer-entes ^^S^^Pndices macro clim^^Saticos 
 []


Overfull \hbox (15.9601pt too wide) in paragraph at lines 186--187
\OT1/cmr/m/n/10 que rep-re-sen-tan el com-por-tamiento de mecan-is-mos f^^S^^Ps
icos que ocur-ren a nivel global. Di- 
 []


Overfull \hbox (8.07123pt too wide) in paragraph at lines 186--187
\OT1/cmr/m/n/10 chos r^^S^^Pos prin-ci-pal-mente se han rela-cionado con el fen
^^Someno ENSO por medio de difer- 
 []


Overfull \hbox (18.1546pt too wide) in paragraph at lines 186--187
\OT1/cmr/m/n/10 entes ^^S^^Pndices como el ONI, MEI, Ni~no 3.4 (Poveda et al., 
2011; Bedoya-Soto et al., 2018), 
 []


Overfull \hbox (24.4879pt too wide) in paragraph at lines 186--187
\OT1/cmr/m/n/10 el TAD por medio del ^^S^^Pndice TNA (Arias et al., 2015; Arias
 et al., 2020), la NAO (Poveda, 
 []


Overfull \hbox (2.11304pt too wide) in paragraph at lines 186--187
\OT1/cmr/m/n/10 Gil y Quiceno, 1998; Olarte y Poveda, 2020), la AMO (Kayano and
 Capis-trano, 2014; 
 []

LaTeX Font Info:    External font `cmex10' loaded for size
(Font)              <9> on input line 265.

Overfull \hbox (8.83513pt too wide) in paragraph at lines 367--368
[]\OT1/cmr/m/n/10 AGU re-quires an Avail-abil-ity State-ment for the un-der-ly-
ing data needed to un-der- 
 []


Overfull \hbox (21.51572pt too wide) in paragraph at lines 367--368
\OT1/cmr/m/n/10 stand, eval-u-ate, and build upon the re-ported re-search at th
e time of peer re-view and pub- 
 []


Overfull \hbox (5.8768pt too wide) in paragraph at lines 369--370
[]\OT1/cmr/m/n/10 Authors should in-clude an Avail-abil-ity State-ment for the 
soft-ware that has a sig- 
 []


Overfull \hbox (12.46016pt too wide) in paragraph at lines 369--370
\OT1/cmr/m/n/10 nif-i-cant im-pact on the re-search. De-tails and tem-plates ar
e in the Avail-abil-ity State-ment 
 []


Overfull \hbox (17.83366pt too wide) in paragraph at lines 369--370
\OT1/cmr/m/n/10 sec-tion of the Data and Soft-ware for Au-thors Guid-ance: $\OT
1/cmtt/m/n/10 https :// www [] .agu [] .org / Publish [] 
 []


Overfull \hbox (30.76149pt too wide) in paragraph at lines 369--370
\OT1/cmtt/m/n/10 -with [] -AGU / Publish / Author [] -Resources / Data [] -and 
[] -Software [] -for [] -Authors # availability$  
 []


Underfull \vbox (badness 10000) has occurred while \output is active []

 [2]
Overfull \hbox (14.48792pt too wide) in paragraph at lines 371--383
[]\OT1/cmr/m/n/10 It is im-por-tant to cite in-di-vid-ual datasets in this sec-
tion and, and they must be in- 
 []


Overfull \hbox (3.57126pt too wide) in paragraph at lines 371--383
\OT1/cmr/m/n/10 cluded in your bib-li-og-ra-phy. Please use the type field in y
our bib-tex file to spec-ify the 
 []


Overfull \hbox (19.01587pt too wide) in paragraph at lines 371--383
\OT1/cmr/m/n/10 type of data cited. Op-tions in-clude [Dataset], [Soft-ware], [
Com-pu-ta-tion-al-Note-book], [Col- 
 []


Overfull \hbox (10.45999pt too wide) in paragraph at lines 385--388
[]\OT1/cmr/m/n/10 For phys-i-cal sam-ples, use the IGSN per-sis-tent iden-ti-fi
er, see the In-ter-na-tional Geo 
 []


Overfull \hbox (9.124pt too wide) in paragraph at lines 385--388
\OT1/cmr/m/n/10 Sam-ple Num-bers sec-tion: $\OT1/cmtt/m/n/10 https :// www [] .
agu [] .org / Publish [] -with [] -AGU / Publish / Author [] 
 []


Overfull \hbox (24.65457pt too wide) in paragraph at lines 389--391
\OT1/cmr/m/n/10 This sec-tion is op-tional. In-clude any Ac-knowl-edg-ments her
e. The ac-knowl-edg-ments should 
 []


Overfull \hbox (1.7378pt too wide) in paragraph at lines 394--394
[]\OT1/cmr/m/n/10 that may be per-ceived as hav-ing a con-flict of in-ter-est w
ith re-spect to the re-sults 
 []

[3]
Overfull \hbox (4.27953pt too wide) in paragraph at lines 396--396
[]\OT1/cmr/m/n/10 It is also the ap-pro-pri-ate place to thank col-leagues and 
other con-trib-u-tors. AGU 
 []

[4

] (agujournaltemplate.aux)

LaTeX Font Warning: Size substitutions with differences
(Font)              up to 0.45pt have occurred.

 ) 
Here is how much of TeX's memory you used:
 3885 strings out of 478614
 64541 string characters out of 2843123
 366976 words of memory out of 3000000
 21982 multiletter control sequences out of 15000+600000
 475795 words of font info for 50 fonts, out of 8000000 for 9000
 1147 hyphenation exceptions out of 8191
 70i,10n,76p,1116b,317s stack positions out of 10000i,1000n,20000p,200000b,80000s
 <C:\Users\juane\AppData\Local\MiKTeX\fonts/pk/ljfour/jknappen/ec/dpi600\tcrm
0600.pk> <C:\Users\juane\AppData\Local\MiKTeX\fonts/pk/ljfour/jknappen/ec/dpi60
0\tcrm0700.pk><C:/Users/juane/AppData/Local/Programs/MiKTeX/fonts/type1/public/
amsfonts/cm/cmbx10.pfb><C:/Users/juane/AppData/Local/Programs/MiKTeX/fonts/type
1/public/amsfonts/cm/cmbx12.pfb><C:/Users/juane/AppData/Local/Programs/MiKTeX/f
onts/type1/public/amsfonts/cm/cmbx9.pfb><C:/Users/juane/AppData/Local/Programs/
MiKTeX/fonts/type1/public/amsfonts/cm/cmmi10.pfb><C:/Users/juane/AppData/Local/
Programs/MiKTeX/fonts/type1/public/amsfonts/cm/cmmi6.pfb><C:/Users/juane/AppDat
a/Local/Programs/MiKTeX/fonts/type1/public/amsfonts/cm/cmmi7.pfb><C:/Users/juan
e/AppData/Local/Programs/MiKTeX/fonts/type1/public/amsfonts/cm/cmr10.pfb><C:/Us
ers/juane/AppData/Local/Programs/MiKTeX/fonts/type1/public/amsfonts/cm/cmr6.pfb
><C:/Users/juane/AppData/Local/Programs/MiKTeX/fonts/type1/public/amsfonts/cm/c
mr7.pfb><C:/Users/juane/AppData/Local/Programs/MiKTeX/fonts/type1/public/amsfon
ts/cm/cmr8.pfb><C:/Users/juane/AppData/Local/Programs/MiKTeX/fonts/type1/public
/amsfonts/cm/cmr9.pfb><C:/Users/juane/AppData/Local/Programs/MiKTeX/fonts/type1
/public/amsfonts/cm/cmss8.pfb><C:/Users/juane/AppData/Local/Programs/MiKTeX/fon
ts/type1/public/amsfonts/cm/cmsy5.pfb><C:/Users/juane/AppData/Local/Programs/Mi
KTeX/fonts/type1/public/amsfonts/cm/cmti9.pfb><C:/Users/juane/AppData/Local/Pro
grams/MiKTeX/fonts/type1/public/amsfonts/cm/cmtt10.pfb><C:/Users/juane/AppData/
Local/Programs/MiKTeX/fonts/type1/public/amsfonts/cm/cmtt9.pfb>
Output written on agujournaltemplate.pdf (4 pages, 197236 bytes).
PDF statistics:
 105 PDF objects out of 1000 (max. 8388607)
 0 named destinations out of 1000 (max. 500000)
 1 words of extra memory for PDF output out of 10000 (max. 10000000)

